5.4078 	EXP 	Set Window color=[ 0.  0.  0.] (rgb)
6.1586 	EXP 	Created Inst_text = TextStim(alignHoriz='center', alignVert='center', antialias=True, autoLog=True, bold=False, color='white', colorSpace='named', contrast=1.0, depth=0.0, flipHoriz=False, flipVert=False, font=UNKNOWN, fontFiles=UNKNOWN, height=180, italic=False, name='Inst_text', opacity=1.0, ori=0, pos=array([ 0.,  0.]), rgb=array([ 255.,  255.,  255.]), text=unicode(...), units=u'norm', win=Window(...), wrapWidth=UNKNOWN)
6.1786 	EXP 	Created practice_trial_text = TextStim(alignHoriz='center', alignVert='center', antialias=True, autoLog=True, bold=False, color=u'white', colorSpace='named', contrast=1.0, depth=0.0, flipHoriz=False, flipVert=False, font=UNKNOWN, fontFiles=UNKNOWN, height=300, italic=False, name='practice_trial_text', opacity=1.0, ori=0, pos=array([ 0.,  0.]), rgb=array([ 255.,  255.,  255.]), text=unicode(...), units=u'norm', win=Window(...), wrapWidth=UNKNOWN)
6.2643 	EXP 	Set  sound=A
6.2643 	EXP 	Set Sound  volume=1.000
6.2932 	EXP 	Created Ready_text = TextStim(alignHoriz='center', alignVert='center', antialias=True, autoLog=True, bold=False, color=u'white', colorSpace='named', contrast=1.0, depth=0.0, flipHoriz=False, flipVert=False, font=UNKNOWN, fontFiles=UNKNOWN, height=120, italic=False, name='Ready_text', opacity=1.0, ori=0, pos=array([ 0.,  0.]), rgb=array([ 255.,  255.,  255.]), text=unicode(...), units=u'norm', win=Window(...), wrapWidth=UNKNOWN)
6.3090 	EXP 	Created During_trial_text = TextStim(alignHoriz='center', alignVert='center', antialias=True, autoLog=True, bold=False, color='white', colorSpace='named', contrast=1.0, depth=-1.0, flipHoriz=False, flipVert=False, font=UNKNOWN, fontFiles=UNKNOWN, height=120, italic=False, name='During_trial_text', opacity=1.0, ori=0, pos=array([ 0.,  0.]), rgb=array([ 255.,  255.,  255.]), text=unicode(...), units=u'norm', win=Window(...), wrapWidth=UNKNOWN)
6.5858 	EXP 	Set  sound=A
6.5859 	EXP 	Set Sound  volume=1.000
6.5938 	EXP 	Created go_next_text = TextStim(alignHoriz='center', alignVert='center', antialias=True, autoLog=True, bold=False, color='white', colorSpace='named', contrast=1.0, depth=-4.0, flipHoriz=False, flipVert=False, font=UNKNOWN, fontFiles=UNKNOWN, height=120, italic=False, name='go_next_text', opacity=1.0, ori=0, pos=array([ 0.,  0.]), rgb=array([ 255.,  255.,  255.]), text=u'Go next?\nhit space bar', units=u'norm', win=Window(...), wrapWidth=UNKNOWN)
6.6014 	EXP 	Created bye_text = TextStim(alignHoriz='center', alignVert='center', antialias=True, autoLog=True, bold=False, color='white', colorSpace='named', contrast=1.0, depth=0.0, flipHoriz=False, flipVert=False, font=UNKNOWN, fontFiles=UNKNOWN, height=180, italic=False, name='bye_text', opacity=1.0, ori=0, pos=array([ 0.,  0.]), rgb=array([ 255.,  255.,  255.]), text=u'Any text\n\nincluding line breaks', units=u'norm', win=Window(...), wrapWidth=UNKNOWN)
6.6117 	EXP 	TextStim: autoLog = None
6.6117 	EXP 	TextStim: autoLog = None
6.6117 	EXP 	TextStim: autoLog = None
6.6117 	EXP 	TextStim: autoLog = None
6.6117 	EXP 	TextStim: autoLog = None
6.6117 	EXP 	TextStim: autoLog = None
6.6117 	EXP 	TextStim: autoDraw = None
10.3576 	DATA 	Keypress: space
10.3596 	EXP 	Imported conditions_tmp.csv as conditions, 1 conditions, 2 params
10.3599 	EXP 	Created sequence: random, trialTypes=1, nReps=1, seed=None
10.3981 	EXP 	New trial (rep=0, index=0): {'snd': u'seq4v_100sec.wav', 'cond': u'4v'}
10.5523 	EXP 	Set  sound=seq4v_100sec.wav
10.5553 	EXP 	TextStim: autoDraw = None
11.4074 	EXP 	Sound  started
11.4241 	EXP 	TextStim: autoDraw = None
20.1079 	DATA 	Keypress: space
22.7581 	DATA 	Keypress: space
26.3919 	DATA 	Keypress: space
31.2085 	DATA 	Keypress: space
34.2920 	DATA 	Keypress: space
36.4089 	DATA 	Keypress: down
36.4254 	EXP 	TextStim: autoDraw = None
36.4254 	EXP 	TextStim: autoDraw = None
39.0256 	DATA 	Keypress: quoteleft
39.7257 	DATA 	Keypress: quoteleft
40.0090 	DATA 	Keypress: escape
